This is pdfTeX, Version 3.14159265-2.6-1.40.20 (TeX Live 2019/Debian) (preloaded format=pdflatex 2020.12.13)  1 FEB 2021 22:06
entering extended mode
 restricted \write18 enabled.
 %&-line parsing enabled.
**practica1.tex
(./practica1.tex
LaTeX2e <2020-02-02> patch level 2
L3 programming layer <2020-02-14> (./preambuloSimple.tex
(/usr/share/texlive/texmf-dist/tex/latex/koma-script/scrartcl.cls
Document Class: scrartcl 2020/01/24 v3.29 KOMA-Script document class (article)
(/usr/share/texlive/texmf-dist/tex/latex/koma-script/scrkbase.sty
Package: scrkbase 2020/01/24 v3.29 KOMA-Script package (KOMA-Script-dependent b
asics and keyval usage)

(/usr/share/texlive/texmf-dist/tex/latex/koma-script/scrbase.sty
Package: scrbase 2020/01/24 v3.29 KOMA-Script package (KOMA-Script-independent 
basics and keyval usage)

(/usr/share/texlive/texmf-dist/tex/latex/graphics/keyval.sty
Package: keyval 2014/10/28 v1.15 key=value parser (DPC)
\KV@toks@=\toks14
)
(/usr/share/texlive/texmf-dist/tex/latex/koma-script/scrlfile.sty
Package: scrlfile 2020/01/24 v3.29 KOMA-Script package (loading files)
)))
(/usr/share/texlive/texmf-dist/tex/latex/koma-script/tocbasic.sty
Package: tocbasic 2020/01/24 v3.29 KOMA-Script package (handling toc-files)
\scr@dte@tocline@numberwidth=\skip47
\scr@dte@tocline@numbox=\box45
)
Package tocbasic Info: omitting babel extension for `toc'
(tocbasic)             because of feature `nobabel' available
(tocbasic)             for `toc' on input line 137.
Class scrartcl Info: File `scrsize11pt.clo' used to setup font sizes on input l
ine 2212.

(/usr/share/texlive/texmf-dist/tex/latex/koma-script/scrsize11pt.clo
File: scrsize11pt.clo 2020/01/24 v3.29 KOMA-Script font size class option (11pt
)
)
(/usr/share/texlive/texmf-dist/tex/latex/koma-script/typearea.sty
Package: typearea 2020/01/24 v3.29 KOMA-Script package (type area)
\ta@bcor=\skip48
\ta@div=\count167
\ta@hblk=\skip49
\ta@vblk=\skip50
\ta@temp=\skip51
\footheight=\skip52
Package typearea Info: These are the values describing the layout:
(typearea)             DIV  = 10
(typearea)             BCOR = 0.0pt
(typearea)             \paperwidth      = 597.50793pt
(typearea)              \textwidth      = 418.25555pt
(typearea)              DIV departure   = -6%
(typearea)              \evensidemargin = 17.3562pt
(typearea)              \oddsidemargin  = 17.3562pt
(typearea)             \paperheight     = 845.04694pt
(typearea)              \textheight     = 595.80026pt
(typearea)              \topmargin      = -25.16531pt
(typearea)              \headheight     = 17.0pt
(typearea)              \headsep        = 20.40001pt
(typearea)              \topskip        = 11.0pt
(typearea)              \footskip       = 47.6pt
(typearea)              \baselineskip   = 13.6pt
(typearea)              on input line 1719.
)
\c@part=\count168
\c@section=\count169
\c@subsection=\count170
\c@subsubsection=\count171
\c@paragraph=\count172
\c@subparagraph=\count173
\scr@dte@section@maxnumwidth=\skip53
Class scrartcl Info: using compatibility default `runin=bysign'
(scrartcl)           for `\section on input line 4723.
Class scrartcl Info: using compatibility default `afterindent=bysign'
(scrartcl)           for `\section on input line 4723.
\scr@dte@part@maxnumwidth=\skip54
Class scrartcl Info: using compatibility default `afterindent=false'
(scrartcl)           for `\part on input line 4731.
\scr@dte@subsection@maxnumwidth=\skip55
Class scrartcl Info: using compatibility default `runin=bysign'
(scrartcl)           for `\subsection on input line 4741.
Class scrartcl Info: using compatibility default `afterindent=bysign'
(scrartcl)           for `\subsection on input line 4741.
\scr@dte@subsubsection@maxnumwidth=\skip56
Class scrartcl Info: using compatibility default `runin=bysign'
(scrartcl)           for `\subsubsection on input line 4751.
Class scrartcl Info: using compatibility default `afterindent=bysign'
(scrartcl)           for `\subsubsection on input line 4751.
\scr@dte@paragraph@maxnumwidth=\skip57
Class scrartcl Info: using compatibility default `runin=bysign'
(scrartcl)           for `\paragraph on input line 4761.
Class scrartcl Info: using compatibility default `afterindent=bysign'
(scrartcl)           for `\paragraph on input line 4761.
\scr@dte@subparagraph@maxnumwidth=\skip58
Class scrartcl Info: using compatibility default `runin=bysign'
(scrartcl)           for `\subparagraph on input line 4771.
Class scrartcl Info: using compatibility default `afterindent=bysign'
(scrartcl)           for `\subparagraph on input line 4771.
\abovecaptionskip=\skip59
\belowcaptionskip=\skip60
\c@pti@nb@sid@b@x=\box46
Package tocbasic Info: omitting babel extension for `lof'
(tocbasic)             because of feature `nobabel' available
(tocbasic)             for `lof' on input line 6002.
\scr@dte@figure@maxnumwidth=\skip61
\c@figure=\count174
Package tocbasic Info: omitting babel extension for `lot'
(tocbasic)             because of feature `nobabel' available
(tocbasic)             for `lot' on input line 6014.
\scr@dte@table@maxnumwidth=\skip62
\c@table=\count175
Class scrartcl Info: Redefining `\numberline' on input line 6178.
\bibindent=\dimen134
)
(/usr/share/texlive/texmf-dist/tex/latex/base/fontenc.sty
Package: fontenc 2020/02/11 v2.0o Standard LaTeX package
)
(/usr/share/texlive/texmf-dist/tex/latex/base/inputenc.sty
Package: inputenc 2018/08/11 v1.3c Input encoding file
\inpenc@prehook=\toks15
\inpenc@posthook=\toks16
)
(/usr/share/texlive/texmf-dist/tex/generic/babel/babel.sty
Package: babel 2020/02/14 3.40 The Babel package

(/usr/share/texlive/texmf-dist/tex/generic/babel/switch.def
File: switch.def 2020/02/14 3.40 Babel switching mechanism
)
(/usr/share/texlive/texmf-dist/tex/generic/babel-spanish/spanish.ldf
Language: spanish.ldf 2016/03/03 v5.0p Spanish support from the babel system

(/usr/share/texlive/texmf-dist/tex/generic/babel/babel.def
File: babel.def 2020/02/14 3.40 Babel common definitions
\babel@savecnt=\count176
\U@D=\dimen135

(/usr/share/texlive/texmf-dist/tex/generic/babel/txtbabel.def)
\bbl@readstream=\read2
\bbl@dirlevel=\count177
)
\es@quottoks=\toks17
\es@quotdepth=\count178
Package babel Info: Making " an active character on input line 561.
Package babel Info: Making . an active character on input line 662.
Package babel Info: Making < an active character on input line 707.
Package babel Info: Making > an active character on input line 707.
))
(/usr/share/texlive/texmf-dist/tex/latex/url/url.sty
\Urlmuskip=\muskip16
Package: url 2013/09/16  ver 3.4  Verb mode for urls, etc.
)
(/usr/share/texlive/texmf-dist/tex/latex/amsmath/amsmath.sty
Package: amsmath 2020/01/20 v2.17e AMS math features
\@mathmargin=\skip63

For additional information on amsmath, use the `?' option.
(/usr/share/texlive/texmf-dist/tex/latex/amsmath/amstext.sty
Package: amstext 2000/06/29 v2.01 AMS text

(/usr/share/texlive/texmf-dist/tex/latex/amsmath/amsgen.sty
File: amsgen.sty 1999/11/30 v2.0 generic functions
\@emptytoks=\toks18
\ex@=\dimen136
))
(/usr/share/texlive/texmf-dist/tex/latex/amsmath/amsbsy.sty
Package: amsbsy 1999/11/29 v1.2d Bold Symbols
\pmbraise@=\dimen137
)
(/usr/share/texlive/texmf-dist/tex/latex/amsmath/amsopn.sty
Package: amsopn 2016/03/08 v2.02 operator names
)
\inf@bad=\count179
LaTeX Info: Redefining \frac on input line 227.
\uproot@=\count180
\leftroot@=\count181
LaTeX Info: Redefining \overline on input line 389.
\classnum@=\count182
\DOTSCASE@=\count183
LaTeX Info: Redefining \ldots on input line 486.
LaTeX Info: Redefining \dots on input line 489.
LaTeX Info: Redefining \cdots on input line 610.
\Mathstrutbox@=\box47
\strutbox@=\box48
\big@size=\dimen138
LaTeX Font Info:    Redeclaring font encoding OML on input line 733.
LaTeX Font Info:    Redeclaring font encoding OMS on input line 734.
\macc@depth=\count184
\c@MaxMatrixCols=\count185
\dotsspace@=\muskip17
\c@parentequation=\count186
\dspbrk@lvl=\count187
\tag@help=\toks19
\row@=\count188
\column@=\count189
\maxfields@=\count190
\andhelp@=\toks20
\eqnshift@=\dimen139
\alignsep@=\dimen140
\tagshift@=\dimen141
\tagwidth@=\dimen142
\totwidth@=\dimen143
\lineht@=\dimen144
\@envbody=\toks21
\multlinegap=\skip64
\multlinetaggap=\skip65
\mathdisplay@stack=\toks22
LaTeX Info: Redefining \[ on input line 2859.
LaTeX Info: Redefining \] on input line 2860.
)
(/usr/share/texlive/texmf-dist/tex/latex/amsfonts/amsfonts.sty
Package: amsfonts 2013/01/14 v3.01 Basic AMSFonts support
\symAMSa=\mathgroup4
\symAMSb=\mathgroup5
LaTeX Font Info:    Redeclaring math symbol \hbar on input line 98.
LaTeX Font Info:    Overwriting math alphabet `\mathfrak' in version `bold'
(Font)                  U/euf/m/n --> U/euf/b/n on input line 106.
)
(/usr/share/texlive/texmf-dist/tex/latex/amscls/amsthm.sty
Package: amsthm 2017/10/31 v2.20.4
\thm@style=\toks23
\thm@bodyfont=\toks24
\thm@headfont=\toks25
\thm@notefont=\toks26
\thm@headpunct=\toks27
\thm@preskip=\skip66
\thm@postskip=\skip67
\thm@headsep=\skip68
\dth@everypar=\toks28
)
(/usr/share/texlive/texmf-dist/tex/latex/xpatch/xpatch.sty
(/usr/share/texlive/texmf-dist/tex/latex/l3kernel/expl3.sty
Package: expl3 2020-02-14 L3 programming layer (loader) 

(/usr/share/texlive/texmf-dist/tex/latex/l3backend/l3backend-pdfmode.def
File: l3backend-pdfmode.def 2020-02-03 L3 backend support: PDF mode
\l__kernel_color_stack_int=\count191
\l__pdf_internal_box=\box49
))
Package: xpatch 2012/10/02 v0.3 Extending etoolbox patching commands

(/usr/share/texlive/texmf-dist/tex/latex/l3packages/xparse/xparse.sty
Package: xparse 2020-02-14 L3 Experimental document command parser
\l__xparse_current_arg_int=\count192
\g__xparse_grabber_int=\count193
\l__xparse_m_args_int=\count194
\l__xparse_v_nesting_int=\count195
)
(/usr/share/texlive/texmf-dist/tex/latex/etoolbox/etoolbox.sty
Package: etoolbox 2019/09/21 v2.5h e-TeX tools for LaTeX (JAW)
\etb@tempcnta=\count196
))
Class scrartcl Info: amsthm's \deferred@thm@head patched.

(/usr/share/texlive/texmf-dist/tex/latex/graphics/graphics.sty
Package: graphics 2019/11/30 v1.4a Standard LaTeX Graphics (DPC,SPQR)

(/usr/share/texlive/texmf-dist/tex/latex/graphics/trig.sty
Package: trig 2016/01/03 v1.10 sin cos tan (DPC)
)
(/usr/share/texlive/texmf-dist/tex/latex/graphics-cfg/graphics.cfg
File: graphics.cfg 2016/06/04 v1.11 sample graphics configuration
)
Package graphics Info: Driver file: pdftex.def on input line 105.

(/usr/share/texlive/texmf-dist/tex/latex/graphics-def/pdftex.def
File: pdftex.def 2018/01/08 v1.0l Graphics/color driver for pdftex
))
(/usr/share/texlive/texmf-dist/tex/latex/graphics/graphicx.sty
Package: graphicx 2019/11/30 v1.2a Enhanced LaTeX Graphics (DPC,SPQR)
\Gin@req@height=\dimen145
\Gin@req@width=\dimen146
)
(/usr/share/texlive/texmf-dist/tex/latex/float/float.sty
Package: float 2001/11/08 v1.3d Float enhancements (AL)
\c@float@type=\count197
\float@exts=\toks29
\float@box=\box50
\@float@everytoks=\toks30
\@floatcapt=\box51
)
(/usr/share/texlive/texmf-dist/tex/latex/listings/listings.sty
\lst@mode=\count198
\lst@gtempboxa=\box52
\lst@token=\toks31
\lst@length=\count199
\lst@currlwidth=\dimen147
\lst@column=\count266
\lst@pos=\count267
\lst@lostspace=\dimen148
\lst@width=\dimen149
\lst@newlines=\count268
\lst@lineno=\count269
\lst@maxwidth=\dimen150

(/usr/share/texlive/texmf-dist/tex/latex/listings/lstmisc.sty
File: lstmisc.sty 2019/09/10 1.8c (Carsten Heinz)
\c@lstnumber=\count270
\lst@skipnumbers=\count271
\lst@framebox=\box53
)
(/usr/share/texlive/texmf-dist/tex/latex/listings/listings.cfg
File: listings.cfg 2019/09/10 1.8c listings configuration
))
Package: listings 2019/09/10 1.8c (Carsten Heinz)


Class scrartcl Warning: Usage of package `fancyhdr' together
(scrartcl)              with a KOMA-Script class is not recommended.
(scrartcl)              I'd suggest to use 
(scrartcl)              package `scrlayer' or `scrlayer-scrpage', because
(scrartcl)              they support KOMA-Script classes.
(scrartcl)              With `fancyhdr' several features of class `scrartcl'
(scrartcl)              like options `headsepline', `footsepline' or command
(scrartcl)              `\MakeMarkcase' and the commands `\setkomafont' and
(scrartcl)              `\addtokomafont' for the page style elements need
(scrartcl)              explicite user intervention to work.
(scrartcl)              Nevertheless, using requested
(scrartcl)              package `fancyhdr' on input line 41.

(/usr/share/texlive/texmf-dist/tex/latex/fancyhdr/fancyhdr.sty
Package: fancyhdr 2019/01/31 v3.10 Extensive control of page headers and footer
s
\f@nch@headwidth=\skip69
\f@nch@O@elh=\skip70
\f@nch@O@erh=\skip71
\f@nch@O@olh=\skip72
\f@nch@O@orh=\skip73
\f@nch@O@elf=\skip74
\f@nch@O@erf=\skip75
\f@nch@O@olf=\skip76
\f@nch@O@orf=\skip77
))
(/usr/share/texlive/texmf-dist/tex/latex/booktabs/booktabs.sty
Package: booktabs 2020/01/12 v1.61803398 Publication quality tables
\heavyrulewidth=\dimen151
\lightrulewidth=\dimen152
\cmidrulewidth=\dimen153
\belowrulesep=\dimen154
\belowbottomsep=\dimen155
\aboverulesep=\dimen156
\abovetopsep=\dimen157
\cmidrulesep=\dimen158
\cmidrulekern=\dimen159
\defaultaddspace=\dimen160
\@cmidla=\count272
\@cmidlb=\count273
\@aboverulesep=\dimen161
\@belowrulesep=\dimen162
\@thisruleclass=\count274
\@lastruleclass=\count275
\@thisrulewidth=\dimen163
)
(/usr/share/texlive/texmf-dist/tex/latex/tools/tabularx.sty
Package: tabularx 2020/01/15 v2.11c `tabularx' package (DPC)

(/usr/share/texlive/texmf-dist/tex/latex/tools/array.sty
Package: array 2019/08/31 v2.4l Tabular extension package (FMi)
\col@sep=\dimen164
\ar@mcellbox=\box54
\extrarowheight=\dimen165
\NC@list=\toks32
\extratabsurround=\skip78
\backup@length=\skip79
\ar@cellbox=\box55
)
\TX@col@width=\dimen166
\TX@old@table=\dimen167
\TX@old@col=\dimen168
\TX@target=\dimen169
\TX@delta=\dimen170
\TX@cols=\count276
\TX@ftn=\toks33
)
(/usr/share/texlive/texmf-dist/tex/latex/tools/multicol.sty
Package: multicol 2019/12/09 v1.8y multicolumn formatting (FMi)
\c@tracingmulticols=\count277
\mult@box=\box56
\multicol@leftmargin=\dimen171
\c@unbalance=\count278
\c@collectmore=\count279
\doublecol@number=\count280
\multicoltolerance=\count281
\multicolpretolerance=\count282
\full@width=\dimen172
\page@free=\dimen173
\premulticols=\dimen174
\postmulticols=\dimen175
\multicolsep=\skip80
\multicolbaselineskip=\skip81
\partial@page=\box57
\last@line=\box58
\maxbalancingoverflow=\dimen176
\mult@rightbox=\box59
\mult@grightbox=\box60
\mult@gfirstbox=\box61
\mult@firstbox=\box62
\@tempa=\box63
\@tempa=\box64
\@tempa=\box65
\@tempa=\box66
\@tempa=\box67
\@tempa=\box68
\@tempa=\box69
\@tempa=\box70
\@tempa=\box71
\@tempa=\box72
\@tempa=\box73
\@tempa=\box74
\@tempa=\box75
\@tempa=\box76
\@tempa=\box77
\@tempa=\box78
\@tempa=\box79
\@tempa=\box80
\@tempa=\box81
\@tempa=\box82
\@tempa=\box83
\@tempa=\box84
\@tempa=\box85
\@tempa=\box86
\@tempa=\box87
\@tempa=\box88
\@tempa=\box89
\@tempa=\box90
\@tempa=\box91
\@tempa=\box92
\@tempa=\box93
\@tempa=\box94
\@tempa=\box95
\@tempa=\box96
\@tempa=\box97
\@tempa=\box98
\@tempa=\box99
\c@minrows=\count283
\c@columnbadness=\count284
\c@finalcolumnbadness=\count285
\last@try=\dimen177
\multicolovershoot=\dimen178
\multicolundershoot=\dimen179
\mult@nat@firstbox=\box100
\colbreak@box=\box101
\mc@col@check@num=\count286
) (./practica1.aux
LaTeX Info: Redefining \. on input line 8.
LaTeX Info: Redefining \% on input line 8.
)
\openout1 = `practica1.aux'.

LaTeX Font Info:    Checking defaults for OML/cmm/m/it on input line 27.
LaTeX Font Info:    ... okay on input line 27.
LaTeX Font Info:    Checking defaults for OMS/cmsy/m/n on input line 27.
LaTeX Font Info:    ... okay on input line 27.
LaTeX Font Info:    Checking defaults for OT1/cmr/m/n on input line 27.
LaTeX Font Info:    ... okay on input line 27.
LaTeX Font Info:    Checking defaults for T1/cmr/m/n on input line 27.
LaTeX Font Info:    ... okay on input line 27.
LaTeX Font Info:    Checking defaults for TS1/cmr/m/n on input line 27.
LaTeX Font Info:    ... okay on input line 27.
LaTeX Font Info:    Checking defaults for OMX/cmex/m/n on input line 27.
LaTeX Font Info:    ... okay on input line 27.
LaTeX Font Info:    Checking defaults for U/cmr/m/n on input line 27.
LaTeX Font Info:    ... okay on input line 27.
LaTeX Info: Redefining \. on input line 27.
LaTeX Info: Redefining \% on input line 27.

(/usr/share/texlive/texmf-dist/tex/context/base/mkii/supp-pdf.mkii
[Loading MPS to PDF converter (version 2006.09.02).]
\scratchcounter=\count287
\scratchdimen=\dimen180
\scratchbox=\box102
\nofMPsegments=\count288
\nofMParguments=\count289
\everyMPshowfont=\toks34
\MPscratchCnt=\count290
\MPscratchDim=\dimen181
\MPnumerator=\count291
\makeMPintoPDFobject=\count292
\everyMPtoPDFconversion=\toks35
) (/usr/share/texlive/texmf-dist/tex/latex/epstopdf-pkg/epstopdf-base.sty
Package: epstopdf-base 2020-01-24 v2.11 Base part for package epstopdf
Package epstopdf-base Info: Redefining graphics rule for `.eps' on input line 4
85.

(/usr/share/texlive/texmf-dist/tex/latex/latexconfig/epstopdf-sys.cfg
File: epstopdf-sys.cfg 2010/07/13 v1.3 Configuration of (r)epstopdf for TeX Liv
e
))
\c@lstlisting=\count293
LaTeX Font Info:    Trying to load font information for T1+cmss on input line 3
0.

(/usr/share/texlive/texmf-dist/tex/latex/base/t1cmss.fd
File: t1cmss.fd 2019/12/16 v2.5j Standard LaTeX font definitions
)
LaTeX Font Info:    Trying to load font information for U+msa on input line 30.


(/usr/share/texlive/texmf-dist/tex/latex/amsfonts/umsa.fd
File: umsa.fd 2013/01/14 v3.01 AMS symbols A
)
LaTeX Font Info:    Trying to load font information for U+msb on input line 30.


(/usr/share/texlive/texmf-dist/tex/latex/amsfonts/umsb.fd
File: umsb.fd 2013/01/14 v3.01 AMS symbols B
) [1


{/var/lib/texmf/fonts/map/pdftex/updmap/pdftex.map}] (./practica1.toc
LaTeX Info: Redefining \. on input line 1.
LaTeX Info: Redefining \% on input line 1.
Package tocbasic Info: Using my definition of `\numberline' on input line 2.
Package tocbasic Info: Using my definition of `\numberline' on input line 3.
Package tocbasic Info: Using my definition of `\numberline' on input line 4.
Package tocbasic Info: Using my definition of `\numberline' on input line 5.
Package tocbasic Info: Using my definition of `\numberline' on input line 6.
Package tocbasic Info: Using my definition of `\numberline' on input line 7.
Package tocbasic Info: Using my definition of `\numberline' on input line 8.
Package tocbasic Info: Using my definition of `\numberline' on input line 9.
Package tocbasic Info: Using my definition of `\numberline' on input line 10.
Package tocbasic Info: Using my definition of `\numberline' on input line 11.
Package tocbasic Info: Using my definition of `\numberline' on input line 12.
)
\tf@toc=\write3
\openout3 = `practica1.toc'.

 [2]
Underfull \hbox (badness 10000) in paragraph at lines 47--48

 []


Underfull \hbox (badness 10000) in paragraph at lines 49--50

 []

[3]
Underfull \hbox (badness 10000) in paragraph at lines 51--52

 []


Underfull \hbox (badness 10000) in paragraph at lines 53--55

 []

[4]
<cruce1.png, id=24, 787.44188pt x 463.7325pt>
File: cruce1.png Graphic file (type png)
<use cruce1.png>
Package pdftex.def Info: cruce1.png  used on input line 63.
(pdftex.def)             Requested size: 418.25555pt x 246.31482pt.
 [5 <./cruce1.png>]
<interestatal.png, id=30, 861.2175pt x 551.81157pt>
File: interestatal.png Graphic file (type png)
<use interestatal.png>
Package pdftex.def Info: interestatal.png  used on input line 77.
(pdftex.def)             Requested size: 204.12778pt x 130.78717pt.
<california.png, id=31, 1037.37563pt x 644.4075pt>
File: california.png Graphic file (type png)
<use california.png>
Package pdftex.def Info: california.png  used on input line 82.
(pdftex.def)             Requested size: 204.12778pt x 126.79465pt.
<set.png, id=32, 249.93375pt x 350.05782pt>
File: set.png Graphic file (type png)
<use set.png>
Package pdftex.def Info: set.png  used on input line 102.
(pdftex.def)             Requested size: 204.12778pt x 285.91153pt.
 [6 <./interestatal.png> <./california.png> <./set.png>]
Underfull \hbox (badness 10000) in paragraph at lines 118--119

 []


Underfull \hbox (badness 10000) in paragraph at lines 120--121

 []

[7]
<cruce2.png, id=44, 733.99219pt x 386.94562pt>
File: cruce2.png Graphic file (type png)
<use cruce2.png>
Package pdftex.def Info: cruce2.png  used on input line 126.
(pdftex.def)             Requested size: 418.25555pt x 220.49634pt.

Underfull \hbox (badness 10000) in paragraph at lines 137--138

 []

[8 <./cruce2.png>]
Underfull \hbox (badness 10000) in paragraph at lines 150--151

 []


Underfull \hbox (badness 10000) in paragraph at lines 154--155

 []

[9]
<tabla1.png, id=56, 324.61275pt x 297.5115pt>
File: tabla1.png Graphic file (type png)
<use tabla1.png>
Package pdftex.def Info: tabla1.png  used on input line 181.
(pdftex.def)             Requested size: 243.45895pt x 223.13307pt.

Underfull \hbox (badness 10000) in paragraph at lines 187--188

 []

[10 <./tabla1.PNG>]
Underfull \hbox (badness 10000) in paragraph at lines 192--193

 []


Underfull \hbox (badness 10000) in paragraph at lines 194--195

 []


Underfull \hbox (badness 10000) in paragraph at lines 196--197

 []


Underfull \hbox (badness 10000) in paragraph at lines 198--199

 []


Underfull \hbox (badness 10000) in paragraph at lines 200--201

 []


Overfull \hbox (18.54106pt too wide) in paragraph at lines 217--220
[]\T1/cmr/m/n/10.95 Tenemos que $\OML/cmm/m/it/10.95 P \OT1/cmr/m/n/10.95 = \OM
L/cmm/m/it/10.95 min\OMS/cmsy/m/n/10.95 f\OML/cmm/m/it/10.95 ^^V[]\OT1/cmr/m/n/
10.95 (\OML/cmm/m/it/10.95 T\OT1/cmr/m/n/10.95 )\OML/cmm/m/it/10.95 ; ^^V[]\OT1
/cmr/m/n/10.95 (\OML/cmm/m/it/10.95 A\OT1/cmr/m/n/10.95 )\OML/cmm/m/it/10.95 ; 
^^V[]\OT1/cmr/m/n/10.95 (\OML/cmm/m/it/10.95 Q\OT1/cmr/m/n/10.95 )\OMS/cmsy/m/n
/10.95 g$ \T1/cmr/m/n/10.95 Don-de $\OML/cmm/m/it/10.95 ^^V[]\OT1/cmr/m/n/10.95
 (\OML/cmm/m/it/10.95 T\OT1/cmr/m/n/10.95 )$\T1/cmr/m/n/10.95 =grado
 []


Overfull \hbox (55.44112pt too wide) detected at line 232
\OML/cmm/m/it/10.95 max\OMS/cmsy/m/n/10.95 f\OML/cmm/m/it/10.95 min\OMS/cmsy/m/
n/10.95 f\OML/cmm/m/it/10.95 ^^V[]\OT1/cmr/m/n/10.95 (\OML/cmm/m/it/10.95 T\OT1
/cmr/m/n/10.95 )\OML/cmm/m/it/10.95 ; ^^V[]\OT1/cmr/m/n/10.95 (\OML/cmm/m/it/10
.95 A\OT1/cmr/m/n/10.95 )\OML/cmm/m/it/10.95 ; ^^V[]\OT1/cmr/m/n/10.95 (\OML/cm
m/m/it/10.95 Q\OT1/cmr/m/n/10.95 )\OMS/cmsy/m/n/10.95 g\OML/cmm/m/it/10.95 ; mi
n\OMS/cmsy/m/n/10.95 f\OML/cmm/m/it/10.95 ^^V[]\OT1/cmr/m/n/10.95 (\OML/cmm/m/i
t/10.95 T\OT1/cmr/m/n/10.95 )\OML/cmm/m/it/10.95 ; ^^V[]\OT1/cmr/m/n/10.95 (\OM
L/cmm/m/it/10.95 A\OT1/cmr/m/n/10.95 )\OML/cmm/m/it/10.95 ; ^^V[]\OT1/cmr/m/n/1
0.95 (\OML/cmm/m/it/10.95 Q\OT1/cmr/m/n/10.95 )\OMS/cmsy/m/n/10.95 gg
 []

[11]
<tableTime.png, id=66, 367.3725pt x 213.1965pt>
File: tableTime.png Graphic file (type png)
<use tableTime.png>
Package pdftex.def Info: tableTime.png  used on input line 237.
(pdftex.def)             Requested size: 367.37158pt x 213.19597pt.
<tableArrivals.png, id=67, 353.52075pt x 247.52475pt>
File: tableArrivals.png Graphic file (type png)
<use tableArrivals.png>
Package pdftex.def Info: tableArrivals.png  used on input line 244.
(pdftex.def)             Requested size: 353.51988pt x 247.52414pt.
<tableQueues.png, id=68, 455.301pt x 242.1045pt>
File: tableQueues.png Graphic file (type png)
<use tableQueues.png>
Package pdftex.def Info: tableQueues.png  used on input line 251.
(pdftex.def)             Requested size: 455.29988pt x 242.10391pt.

Overfull \hbox (37.04433pt too wide) in paragraph at lines 251--253
 [][] 
 []

[12 <./tableTime.PNG> <./tableArrivals.PNG>]
<tableMoreThan.png, id=74, 360.1455pt x 245.11575pt>
File: tableMoreThan.png Graphic file (type png)
<use tableMoreThan.png>
Package pdftex.def Info: tableMoreThan.png  used on input line 258.
(pdftex.def)             Requested size: 360.1446pt x 245.11514pt.
<tableLessThan.png, id=75, 433.62pt x 240.9pt>
File: tableLessThan.png Graphic file (type png)
<use tableLessThan.png>
Package pdftex.def Info: tableLessThan.png  used on input line 265.
(pdftex.def)             Requested size: 433.61894pt x 240.8994pt.

Overfull \hbox (15.36339pt too wide) in paragraph at lines 265--267
 [][] 
 []

[13 <./tableQueues.PNG> <./tableMoreThan.PNG>]
Underfull \hbox (badness 10000) in paragraph at lines 288--289

 []

[14 <./tableLessThan.PNG>]
Underfull \hbox (badness 10000) in paragraph at lines 290--291

 []


Underfull \hbox (badness 10000) in paragraph at lines 292--293

 []


Underfull \hbox (badness 10000) in paragraph at lines 304--307

 []


Underfull \hbox (badness 10000) in paragraph at lines 308--309

 []

[15]
<reglas1.png, id=90, 280.6485pt x 335.45325pt>
File: reglas1.png Graphic file (type png)
<use reglas1.png>
Package pdftex.def Info: reglas1.png  used on input line 312.
(pdftex.def)             Requested size: 280.64781pt x 335.45241pt.

Overfull \hbox (76.52003pt too wide) in paragraph at lines 312--314
 [][] 
 []

<reglas2.png, id=91, 175.857pt x 334.24875pt>
File: reglas2.png Graphic file (type png)
<use reglas2.png>
Package pdftex.def Info: reglas2.png  used on input line 319.
(pdftex.def)             Requested size: 175.85657pt x 334.24792pt.
[16 <./reglas1.PNG> <./reglas2.PNG>]
<reglas3.png, id=97, 167.4255pt x 322.806pt>
File: reglas3.png Graphic file (type png)
<use reglas3.png>
Package pdftex.def Info: reglas3.png  used on input line 328.
(pdftex.def)             Requested size: 167.42508pt x 322.8052pt.
<reglas4.png, id=98, 169.23225pt x 89.133pt>
File: reglas4.png Graphic file (type png)
<use reglas4.png>
Package pdftex.def Info: reglas4.png  used on input line 335.
(pdftex.def)             Requested size: 169.23184pt x 89.13277pt.
<reglas5.png, id=99, 181.27725pt x 255.354pt>
File: reglas5.png Graphic file (type png)
<use reglas5.png>
Package pdftex.def Info: reglas5.png  used on input line 342.
(pdftex.def)             Requested size: 181.27681pt x 255.35338pt.
 [17 <./reglas3.PNG> <./reglas4.PNG> <./reglas5.PNG>]
<reglas6.png, id=106, 212.59425pt x 333.04425pt>
File: reglas6.png Graphic file (type png)
<use reglas6.png>
Package pdftex.def Info: reglas6.png  used on input line 355.
(pdftex.def)             Requested size: 191.33304pt x 299.73705pt.

Underfull \hbox (badness 10000) in paragraph at lines 361--362

 []

<resultados.png, id=107, 338.4645pt x 296.90926pt>
File: resultados.png Graphic file (type png)
<use resultados.png>
Package pdftex.def Info: resultados.png  used on input line 364.
(pdftex.def)             Requested size: 304.61523pt x 267.21585pt.
[18 <./reglas6.PNG>]
Underfull \hbox (badness 10000) in paragraph at lines 370--371

 []

[19 <./resultados.PNG>]
Underfull \hbox (badness 10000) in paragraph at lines 379--380

 []

<surtrac.png, id=117, 694.09312pt x 426.84468pt>
File: surtrac.png Graphic file (type png)
<use surtrac.png>
Package pdftex.def Info: surtrac.png  used on input line 384.
(pdftex.def)             Requested size: 418.25555pt x 257.22253pt.
[20 <./surtrac.png>]
Underfull \hbox (badness 10000) in paragraph at lines 397--398

 []

[21]
Overfull \hbox (66.80345pt too wide) in paragraph at lines 465--467
[]\T1/cmr/m/n/10.95 Implementación del al-go-rit-mo de Sur-trac. \T1/cmr/m/it/1
0.95 https://www.rapidflowtech.com/surtrac/implementation\T1/cmr/m/n/10.95 . 
 []


Underfull \hbox (badness 10000) in paragraph at lines 469--471
[]\T1/cmr/m/n/10.95 MESinsights. \T1/cmr/m/it/10.95 https://www.mes-insights.co
m/smart-city-infrastructure-improves-
 []

[22] (./practica1.aux
LaTeX Info: Redefining \. on input line 8.
LaTeX Info: Redefining \% on input line 8.
) ) 
Here is how much of TeX's memory you used:
 8963 strings out of 483121
 150095 string characters out of 5964353
 516041 words of memory out of 5000000
 23878 multiletter control sequences out of 15000+600000
 549361 words of font info for 66 fonts, out of 8000000 for 9000
 40 hyphenation exceptions out of 8191
 51i,11n,55p,10132b,965s stack positions out of 5000i,500n,10000p,200000b,80000s
 </home/manuel-aircury/.texlive2019/texmf-var/fonts/pk/ljfour/jknappen/ec/ec
sx1200.600pk> </home/manuel-aircury/.texlive2019/texmf-var/fonts/pk/ljfour/jkna
ppen/ec/ecrm0800.600pk> </home/manuel-aircury/.texlive2019/texmf-var/fonts/pk/l
jfour/jknappen/ec/ecti1095.600pk> </home/manuel-aircury/.texlive2019/texmf-var/
fonts/pk/ljfour/jknappen/ec/ecbx1095.600pk> </home/manuel-aircury/.texlive2019/
texmf-var/fonts/pk/ljfour/jknappen/ec/ecsx1095.600pk> </home/manuel-aircury/.te
xlive2019/texmf-var/fonts/pk/ljfour/jknappen/ec/ecsx1440.600pk> </home/manuel-a
ircury/.texlive2019/texmf-var/fonts/pk/ljfour/jknappen/ec/ecrm1095.600pk> </hom
e/manuel-aircury/.texlive2019/texmf-var/fonts/pk/ljfour/jknappen/ec/ecrm1440.60
0pk> </home/manuel-aircury/.texlive2019/texmf-var/fonts/pk/ljfour/jknappen/ec/e
crm2074.600pk> </home/manuel-aircury/.texlive2019/texmf-var/fonts/pk/ljfour/jkn
appen/ec/eccc1095.600pk> </home/manuel-aircury/.texlive2019/texmf-var/fonts/pk/
ljfour/jknappen/ec/ecxc1095.600pk></usr/share/texlive/texmf-dist/fonts/type1/pu
blic/amsfonts/cm/cmex10.pfb></usr/share/texlive/texmf-dist/fonts/type1/public/a
msfonts/cm/cmmi10.pfb></usr/share/texlive/texmf-dist/fonts/type1/public/amsfont
s/cm/cmmi8.pfb></usr/share/texlive/texmf-dist/fonts/type1/public/amsfonts/cm/cm
r10.pfb></usr/share/texlive/texmf-dist/fonts/type1/public/amsfonts/cm/cmr6.pfb>
</usr/share/texlive/texmf-dist/fonts/type1/public/amsfonts/cm/cmr8.pfb></usr/sh
are/texlive/texmf-dist/fonts/type1/public/amsfonts/cm/cmsy10.pfb>
Output written on practica1.pdf (22 pages, 2264042 bytes).
PDF statistics:
 536 PDF objects out of 1000 (max. 8388607)
 116 compressed objects within 2 object streams
 0 named destinations out of 1000 (max. 500000)
 96 words of extra memory for PDF output out of 10000 (max. 10000000)

